<?xml version="1.0" encoding="UTF-8"?>
<!-- Generated by org.testng.reporters.JUnitXMLReporter -->
<testsuite ignored="0" hostname="DESKTOP-EGHMNBP" failures="1" tests="9" name="Regression Tests" time="43.585" errors="0" timestamp="2026-06-08T21:42:26 IST">
  <testcase classname="tests.LoginTest" name="verifyLogin" time="0.721"/>
  <testcase classname="tests.DataDrivenLoginTest" name="verifyLogin" time="0.52"/>
  <testcase classname="tests.DataDrivenLoginTest" name="verifyLogin" time="0.45"/>
  <testcase classname="tests.AddToCartTest" name="verifyAddToCart" time="0.574"/>
  <testcase classname="tests.RemoveProductTest" name="verifyRemoveProduct" time="0.659"/>
  <testcase classname="tests.CartTest" name="verifyCartProduct" time="0.71"/>
  <testcase classname="tests.CheckoutTest" name="verifyCheckout" time="1.846"/>
  <testcase classname="tests.CompleteOrderTest" name="verifyOrderSuccess" time="1.908"/>
  <testcase classname="tests.FailureTest" name="failedTest" time="0.169">
    <failure type="java.lang.AssertionError" message="expected [true] but found [false]">
      <![CDATA[java.lang.AssertionError: expected [true] but found [false]
at tests.FailureTest.failedTest(FailureTest.java:15)
at java.base/java.util.ArrayList.forEach(ArrayList.java:1511)
... Removed 31 stack frames]]>
    </failure>
  </testcase> <!-- failedTest -->
</testsuite> <!-- Regression Tests -->
