<?xml version="1.0" encoding="UTF-8"?>
<testng-results ignored="0" total="9" passed="8" failed="1" skipped="0">
  <reporter-output>
  </reporter-output>
  <suite started-at="2026-06-08T21:41:41 IST" name="Automation Suite" finished-at="2026-06-08T21:42:25 IST" duration-ms="43585">
    <groups>
    </groups>
    <test started-at="2026-06-08T21:41:41 IST" name="Regression Tests" finished-at="2026-06-08T21:42:25 IST" duration-ms="43585">
      <class name="tests.RemoveProductTest">
        <test-method is-config="true" signature="setup()[pri:0, instance:tests.RemoveProductTest@54e041a4]" started-at="2026-06-08T21:42:02 IST" name="setup" finished-at="2026-06-08T21:42:04 IST" duration-ms="2349" status="PASS">
          <reporter-output>
          </reporter-output>
        </test-method> <!-- setup -->
        <test-method signature="verifyRemoveProduct()[pri:0, instance:tests.RemoveProductTest@54e041a4]" started-at="2026-06-08T21:42:04 IST" name="verifyRemoveProduct" finished-at="2026-06-08T21:42:05 IST" duration-ms="659" status="PASS">
          <reporter-output>
          </reporter-output>
        </test-method> <!-- verifyRemoveProduct -->
        <test-method is-config="true" signature="tearDown()[pri:0, instance:tests.RemoveProductTest@54e041a4]" started-at="2026-06-08T21:42:05 IST" name="tearDown" finished-at="2026-06-08T21:42:05 IST" duration-ms="237" status="PASS">
          <reporter-output>
          </reporter-output>
        </test-method> <!-- tearDown -->
      </class> <!-- tests.RemoveProductTest -->
      <class name="tests.LoginTest">
        <test-method is-config="true" signature="setup()[pri:0, instance:tests.LoginTest@4470fbd6]" started-at="2026-06-08T21:41:42 IST" name="setup" finished-at="2026-06-08T21:41:51 IST" duration-ms="9103" status="PASS">
          <reporter-output>
          </reporter-output>
        </test-method> <!-- setup -->
        <test-method signature="verifyLogin()[pri:0, instance:tests.LoginTest@4470fbd6]" started-at="2026-06-08T21:41:51 IST" name="verifyLogin" finished-at="2026-06-08T21:41:51 IST" duration-ms="721" status="PASS">
          <reporter-output>
          </reporter-output>
        </test-method> <!-- verifyLogin -->
        <test-method is-config="true" signature="tearDown()[pri:0, instance:tests.LoginTest@4470fbd6]" started-at="2026-06-08T21:41:51 IST" name="tearDown" finished-at="2026-06-08T21:41:52 IST" duration-ms="354" status="PASS">
          <reporter-output>
          </reporter-output>
        </test-method> <!-- tearDown -->
      </class> <!-- tests.LoginTest -->
      <class name="tests.AddToCartTest">
        <test-method is-config="true" signature="setup()[pri:0, instance:tests.AddToCartTest@16612a51]" started-at="2026-06-08T21:41:59 IST" name="setup" finished-at="2026-06-08T21:42:01 IST" duration-ms="2499" status="PASS">
          <reporter-output>
          </reporter-output>
        </test-method> <!-- setup -->
        <test-method signature="verifyAddToCart()[pri:0, instance:tests.AddToCartTest@16612a51]" started-at="2026-06-08T21:42:01 IST" name="verifyAddToCart" finished-at="2026-06-08T21:42:02 IST" duration-ms="574" status="PASS">
          <reporter-output>
          </reporter-output>
        </test-method> <!-- verifyAddToCart -->
        <test-method is-config="true" signature="tearDown()[pri:0, instance:tests.AddToCartTest@16612a51]" started-at="2026-06-08T21:42:02 IST" name="tearDown" finished-at="2026-06-08T21:42:02 IST" duration-ms="303" status="PASS">
          <reporter-output>
          </reporter-output>
        </test-method> <!-- tearDown -->
      </class> <!-- tests.AddToCartTest -->
      <class name="tests.CartTest">
        <test-method is-config="true" signature="setup()[pri:0, instance:tests.CartTest@2c78324b]" started-at="2026-06-08T21:42:05 IST" name="setup" finished-at="2026-06-08T21:42:08 IST" duration-ms="2547" status="PASS">
          <reporter-output>
          </reporter-output>
        </test-method> <!-- setup -->
        <test-method signature="verifyCartProduct()[pri:0, instance:tests.CartTest@2c78324b]" started-at="2026-06-08T21:42:08 IST" name="verifyCartProduct" finished-at="2026-06-08T21:42:09 IST" duration-ms="710" status="PASS">
          <reporter-output>
          </reporter-output>
        </test-method> <!-- verifyCartProduct -->
        <test-method is-config="true" signature="tearDown()[pri:0, instance:tests.CartTest@2c78324b]" started-at="2026-06-08T21:42:09 IST" name="tearDown" finished-at="2026-06-08T21:42:09 IST" duration-ms="272" status="PASS">
          <reporter-output>
          </reporter-output>
        </test-method> <!-- tearDown -->
      </class> <!-- tests.CartTest -->
      <class name="tests.CompleteOrderTest">
        <test-method is-config="true" signature="setup()[pri:0, instance:tests.CompleteOrderTest@18317edc]" started-at="2026-06-08T21:42:17 IST" name="setup" finished-at="2026-06-08T21:42:19 IST" duration-ms="2422" status="PASS">
          <reporter-output>
          </reporter-output>
        </test-method> <!-- setup -->
        <test-method signature="verifyOrderSuccess()[pri:0, instance:tests.CompleteOrderTest@18317edc]" started-at="2026-06-08T21:42:19 IST" name="verifyOrderSuccess" finished-at="2026-06-08T21:42:21 IST" duration-ms="1908" status="PASS">
          <reporter-output>
          </reporter-output>
        </test-method> <!-- verifyOrderSuccess -->
        <test-method is-config="true" signature="tearDown()[pri:0, instance:tests.CompleteOrderTest@18317edc]" started-at="2026-06-08T21:42:21 IST" name="tearDown" finished-at="2026-06-08T21:42:21 IST" duration-ms="252" status="PASS">
          <reporter-output>
          </reporter-output>
        </test-method> <!-- tearDown -->
      </class> <!-- tests.CompleteOrderTest -->
      <class name="tests.FailureTest">
        <test-method is-config="true" signature="setup()[pri:0, instance:tests.FailureTest@4e0ae11f]" started-at="2026-06-08T21:42:21 IST" name="setup" finished-at="2026-06-08T21:42:24 IST" duration-ms="3180" status="PASS">
          <reporter-output>
          </reporter-output>
        </test-method> <!-- setup -->
        <test-method signature="failedTest()[pri:0, instance:tests.FailureTest@4e0ae11f]" started-at="2026-06-08T21:42:24 IST" name="failedTest" finished-at="2026-06-08T21:42:25 IST" duration-ms="169" status="FAIL">
          <exception class="java.lang.AssertionError">
            <message>
              <![CDATA[expected [true] but found [false]]]>
            </message>
            <full-stacktrace>
              <![CDATA[java.lang.AssertionError: expected [true] but found [false]
at org.testng.Assert.fail(Assert.java:111)
at org.testng.Assert.failNotEquals(Assert.java:1590)
at org.testng.Assert.assertTrue(Assert.java:57)
at org.testng.Assert.assertTrue(Assert.java:67)
at tests.FailureTest.failedTest(FailureTest.java:15)
at java.base/jdk.internal.reflect.NativeMethodAccessorImpl.invoke0(Native Method)
at java.base/jdk.internal.reflect.NativeMethodAccessorImpl.invoke(NativeMethodAccessorImpl.java:77)
at java.base/jdk.internal.reflect.DelegatingMethodAccessorImpl.invoke(DelegatingMethodAccessorImpl.java:43)
at java.base/java.lang.reflect.Method.invoke(Method.java:568)
at org.testng.internal.invokers.MethodInvocationHelper.invokeMethod(MethodInvocationHelper.java:141)
at org.testng.internal.invokers.TestInvoker.invokeMethod(TestInvoker.java:687)
at org.testng.internal.invokers.TestInvoker.invokeTestMethod(TestInvoker.java:230)
at org.testng.internal.invokers.MethodRunner.runInSequence(MethodRunner.java:63)
at org.testng.internal.invokers.TestInvoker$MethodInvocationAgent.invoke(TestInvoker.java:995)
at org.testng.internal.invokers.TestInvoker.invokeTestMethods(TestInvoker.java:203)
at org.testng.internal.invokers.TestMethodWorker.invokeTestMethods(TestMethodWorker.java:154)
at org.testng.internal.invokers.TestMethodWorker.run(TestMethodWorker.java:134)
at java.base/java.util.ArrayList.forEach(ArrayList.java:1511)
at org.testng.TestRunner.privateRun(TestRunner.java:741)
at org.testng.TestRunner.run(TestRunner.java:616)
at org.testng.SuiteRunner.runTest(SuiteRunner.java:421)
at org.testng.SuiteRunner.runSequentially(SuiteRunner.java:413)
at org.testng.SuiteRunner.privateRun(SuiteRunner.java:373)
at org.testng.SuiteRunner.run(SuiteRunner.java:312)
at org.testng.SuiteRunnerWorker.runSuite(SuiteRunnerWorker.java:52)
at org.testng.SuiteRunnerWorker.run(SuiteRunnerWorker.java:95)
at org.testng.TestNG.runSuitesSequentially(TestNG.java:1274)
at org.testng.TestNG.runSuitesLocally(TestNG.java:1208)
at org.testng.TestNG.runSuites(TestNG.java:1112)
at org.testng.TestNG.run(TestNG.java:1079)
at org.testng.remote.AbstractRemoteTestNG.run(AbstractRemoteTestNG.java:115)
at org.testng.remote.RemoteTestNG.initAndRun(RemoteTestNG.java:293)
at org.testng.remote.RemoteTestNG.main(RemoteTestNG.java:91)
]]>
            </full-stacktrace>
          </exception> <!-- java.lang.AssertionError -->
          <reporter-output>
          </reporter-output>
        </test-method> <!-- failedTest -->
        <test-method is-config="true" signature="tearDown()[pri:0, instance:tests.FailureTest@4e0ae11f]" started-at="2026-06-08T21:42:25 IST" name="tearDown" finished-at="2026-06-08T21:42:25 IST" duration-ms="294" status="PASS">
          <reporter-output>
          </reporter-output>
        </test-method> <!-- tearDown -->
      </class> <!-- tests.FailureTest -->
      <class name="tests.CheckoutTest">
        <test-method is-config="true" signature="setup()[pri:0, instance:tests.CheckoutTest@79defdc]" started-at="2026-06-08T21:42:09 IST" name="setup" finished-at="2026-06-08T21:42:14 IST" duration-ms="5637" status="PASS">
          <reporter-output>
          </reporter-output>
        </test-method> <!-- setup -->
        <test-method signature="verifyCheckout()[pri:0, instance:tests.CheckoutTest@79defdc]" started-at="2026-06-08T21:42:14 IST" name="verifyCheckout" finished-at="2026-06-08T21:42:16 IST" duration-ms="1846" status="PASS">
          <reporter-output>
          </reporter-output>
        </test-method> <!-- verifyCheckout -->
        <test-method is-config="true" signature="tearDown()[pri:0, instance:tests.CheckoutTest@79defdc]" started-at="2026-06-08T21:42:16 IST" name="tearDown" finished-at="2026-06-08T21:42:17 IST" duration-ms="288" status="PASS">
          <reporter-output>
          </reporter-output>
        </test-method> <!-- tearDown -->
      </class> <!-- tests.CheckoutTest -->
      <class name="tests.DataDrivenLoginTest">
        <test-method is-config="true" signature="setup()[pri:0, instance:tests.DataDrivenLoginTest@78fa769e]" started-at="2026-06-08T21:41:52 IST" name="setup" finished-at="2026-06-08T21:41:54 IST" duration-ms="2753" status="PASS">
          <reporter-output>
          </reporter-output>
        </test-method> <!-- setup -->
        <test-method signature="verifyLogin(java.lang.String,java.lang.String)[pri:0, instance:tests.DataDrivenLoginTest@78fa769e]" started-at="2026-06-08T21:41:54 IST" name="verifyLogin" data-provider="loginData" finished-at="2026-06-08T21:41:55 IST" duration-ms="520" status="PASS">
          <params>
            <param index="0">
              <value>
                <![CDATA[standard_user]]>
              </value>
            </param>
            <param index="1">
              <value>
                <![CDATA[secret_sauce]]>
              </value>
            </param>
          </params>
          <reporter-output>
          </reporter-output>
        </test-method> <!-- verifyLogin -->
        <test-method is-config="true" signature="tearDown()[pri:0, instance:tests.DataDrivenLoginTest@78fa769e]" started-at="2026-06-08T21:41:55 IST" name="tearDown" finished-at="2026-06-08T21:41:56 IST" duration-ms="513" status="PASS">
          <reporter-output>
          </reporter-output>
        </test-method> <!-- tearDown -->
        <test-method is-config="true" signature="setup()[pri:0, instance:tests.DataDrivenLoginTest@78fa769e]" started-at="2026-06-08T21:41:56 IST" name="setup" finished-at="2026-06-08T21:41:58 IST" duration-ms="2374" status="PASS">
          <reporter-output>
          </reporter-output>
        </test-method> <!-- setup -->
        <test-method signature="verifyLogin(java.lang.String,java.lang.String)[pri:0, instance:tests.DataDrivenLoginTest@78fa769e]" started-at="2026-06-08T21:41:58 IST" name="verifyLogin" data-provider="loginData" finished-at="2026-06-08T21:41:58 IST" duration-ms="450" status="PASS">
          <params>
            <param index="0">
              <value>
                <![CDATA[standard_user]]>
              </value>
            </param>
            <param index="1">
              <value>
                <![CDATA[secret_sauce]]>
              </value>
            </param>
          </params>
          <reporter-output>
          </reporter-output>
        </test-method> <!-- verifyLogin -->
        <test-method is-config="true" signature="tearDown()[pri:0, instance:tests.DataDrivenLoginTest@78fa769e]" started-at="2026-06-08T21:41:58 IST" name="tearDown" finished-at="2026-06-08T21:41:59 IST" duration-ms="307" status="PASS">
          <reporter-output>
          </reporter-output>
        </test-method> <!-- tearDown -->
      </class> <!-- tests.DataDrivenLoginTest -->
    </test> <!-- Regression Tests -->
  </suite> <!-- Automation Suite -->
</testng-results>
